<?xml version="1.0" encoding="UTF-8"?>
<!-- Generated by org.testng.reporters.JUnitReportReporter -->
<testsuite skipped="1" hostname="ML-VenkatG-PC" name="testcases.TestCases" tests="2" failures="0" timestamp="2020-02-19T13:21:56 IST" time="6.147" errors="1">
  <testcase name="tc1" time="0.000" classname="testcases.TestCases">
    <skipped/>
  </testcase> <!-- tc1 -->
  <testcase name="setUp" time="6.147" classname="testcases.TestCases">
    <error type="org.openqa.selenium.WebDriverException" message="unknown error: Chrome failed to start: was killed
  (unknown error: DevToolsActivePort file doesn&#039;t exist)
  (The process started from chrome location C:\Program Files (x86)\Google\Chrome\Application\chrome.exe is no longer running, so ChromeDriver is assuming that Chrome has crashed.)
Build info: version: &#039;4.0.0-alpha-3&#039;, revision: &#039;8c567de6dc&#039;
System info: host: &#039;ML-VENKATG-PC&#039;, ip: &#039;172.16.0.170&#039;, os.name: &#039;Windows 10&#039;, os.arch: &#039;amd64&#039;, os.version: &#039;10.0&#039;, java.version: &#039;1.8.0_201&#039;
Driver info: driver.version: ChromeDriver
remote stacktrace: Backtrace:
	Ordinal0 [0x0154A113+1548563]
	Ordinal0 [0x014CDDA1+1039777]
	Ordinal0 [0x0144E485+517253]
	Ordinal0 [0x013DCB98+52120]
	Ordinal0 [0x013FB797+178071]
	Ordinal0 [0x013FB59D+177565]
	Ordinal0 [0x013F95FB+169467]
	Ordinal0 [0x013E160A+71178]
	Ordinal0 [0x013E2690+75408]
	Ordinal0 [0x013E2629+75305]
	Ordinal0 [0x014E71B7+1143223]
	GetHandleVerifier [0x015E2B46+507814]
	GetHandleVerifier [0x015E2864+507076]
	GetHandleVerifier [0x015E9F47+537511]
	GetHandleVerifier [0x015E3402+510050]
	Ordinal0 [0x014DF29C+1110684]
	Ordinal0 [0x014E938B+1151883]
	Ordinal0 [0x014E94F3+1152243]
	Ordinal0 [0x014E83F5+1147893]
	BaseThreadInitThunk [0x75EA0419+25]
	RtlGetAppContainerNamedObjectPath [0x77AF662D+237]
	RtlGetAppContainerNamedObjectPath [0x77AF65FD+189]
">
      <![CDATA[org.openqa.selenium.WebDriverException: unknown error: Chrome failed to start: was killed
  (unknown error: DevToolsActivePort file doesn't exist)
  (The process started from chrome location C:\Program Files (x86)\Google\Chrome\Application\chrome.exe is no longer running, so ChromeDriver is assuming that Chrome has crashed.)
Build info: version: '4.0.0-alpha-3', revision: '8c567de6dc'
System info: host: 'ML-VENKATG-PC', ip: '172.16.0.170', os.name: 'Windows 10', os.arch: 'amd64', os.version: '10.0', java.version: '1.8.0_201'
Driver info: driver.version: ChromeDriver
remote stacktrace: Backtrace:
Ordinal0 [0x0154A113+1548563]
Ordinal0 [0x014CDDA1+1039777]
Ordinal0 [0x0144E485+517253]
Ordinal0 [0x013DCB98+52120]
Ordinal0 [0x013FB797+178071]
Ordinal0 [0x013FB59D+177565]
Ordinal0 [0x013F95FB+169467]
Ordinal0 [0x013E160A+71178]
Ordinal0 [0x013E2690+75408]
Ordinal0 [0x013E2629+75305]
Ordinal0 [0x014E71B7+1143223]
GetHandleVerifier [0x015E2B46+507814]
GetHandleVerifier [0x015E2864+507076]
GetHandleVerifier [0x015E9F47+537511]
GetHandleVerifier [0x015E3402+510050]
Ordinal0 [0x014DF29C+1110684]
Ordinal0 [0x014E938B+1151883]
Ordinal0 [0x014E94F3+1152243]
Ordinal0 [0x014E83F5+1147893]
BaseThreadInitThunk [0x75EA0419+25]
RtlGetAppContainerNamedObjectPath [0x77AF662D+237]
RtlGetAppContainerNamedObjectPath [0x77AF65FD+189]

at sun.reflect.NativeConstructorAccessorImpl.newInstance0(Native Method)
at sun.reflect.NativeConstructorAccessorImpl.newInstance(Unknown Source)
at sun.reflect.DelegatingConstructorAccessorImpl.newInstance(Unknown Source)
at java.lang.reflect.Constructor.newInstance(Unknown Source)
at org.openqa.selenium.remote.W3CHandshakeResponse.lambda$errorHandler$0(W3CHandshakeResponse.java:62)
at org.openqa.selenium.remote.HandshakeResponse.lambda$getResponseFunction$0(HandshakeResponse.java:30)
at org.openqa.selenium.remote.ProtocolHandshake.lambda$createSession$1(ProtocolHandshake.java:127)
at java.util.stream.ReferencePipeline$3$1.accept(Unknown Source)
at java.util.Spliterators$ArraySpliterator.tryAdvance(Unknown Source)
at java.util.stream.ReferencePipeline.forEachWithCancel(Unknown Source)
at java.util.stream.AbstractPipeline.copyIntoWithCancel(Unknown Source)
at java.util.stream.AbstractPipeline.copyInto(Unknown Source)
at java.util.stream.AbstractPipeline.wrapAndCopyInto(Unknown Source)
at java.util.stream.FindOps$FindOp.evaluateSequential(Unknown Source)
at java.util.stream.AbstractPipeline.evaluate(Unknown Source)
at java.util.stream.ReferencePipeline.findFirst(Unknown Source)
at org.openqa.selenium.remote.ProtocolHandshake.createSession(ProtocolHandshake.java:129)
at org.openqa.selenium.remote.ProtocolHandshake.createSession(ProtocolHandshake.java:75)
at org.openqa.selenium.remote.HttpCommandExecutor.execute(HttpCommandExecutor.java:139)
at org.openqa.selenium.remote.service.DriverCommandExecutor.execute(DriverCommandExecutor.java:83)
at org.openqa.selenium.remote.RemoteWebDriver.execute(RemoteWebDriver.java:576)
at org.openqa.selenium.remote.RemoteWebDriver.startSession(RemoteWebDriver.java:210)
at org.openqa.selenium.remote.RemoteWebDriver.<init>(RemoteWebDriver.java:130)
at org.openqa.selenium.chromium.ChromiumDriver.<init>(ChromiumDriver.java:75)
at org.openqa.selenium.chrome.ChromeDriver.<init>(ChromeDriver.java:163)
at org.openqa.selenium.chrome.ChromeDriver.<init>(ChromeDriver.java:150)
at org.openqa.selenium.chrome.ChromeDriver.<init>(ChromeDriver.java:139)
at practice.practice.Base.initialization(Base.java:42)
at testcases.TestCases.setUp(TestCases.java:24)
at sun.reflect.NativeMethodAccessorImpl.invoke0(Native Method)
at sun.reflect.NativeMethodAccessorImpl.invoke(Unknown Source)
at sun.reflect.DelegatingMethodAccessorImpl.invoke(Unknown Source)
at java.lang.reflect.Method.invoke(Unknown Source)
at org.testng.internal.MethodInvocationHelper.invokeMethod(MethodInvocationHelper.java:133)
at org.testng.internal.MethodInvocationHelper.invokeMethodConsideringTimeout(MethodInvocationHelper.java:62)
at org.testng.internal.ConfigInvoker.invokeConfigurationMethod(ConfigInvoker.java:340)
at org.testng.internal.ConfigInvoker.invokeConfigurations(ConfigInvoker.java:294)
at org.testng.internal.TestInvoker.runConfigMethods(TestInvoker.java:683)
at org.testng.internal.TestInvoker.invokeMethod(TestInvoker.java:510)
at org.testng.internal.TestInvoker.invokeTestMethod(TestInvoker.java:172)
at org.testng.internal.MethodRunner.runInSequence(MethodRunner.java:46)
at org.testng.internal.TestInvoker$MethodInvocationAgent.invoke(TestInvoker.java:804)
at org.testng.internal.TestInvoker.invokeTestMethods(TestInvoker.java:145)
at org.testng.internal.TestMethodWorker.invokeTestMethods(TestMethodWorker.java:146)
at org.testng.internal.TestMethodWorker.run(TestMethodWorker.java:128)
at java.util.ArrayList.forEach(Unknown Source)
at org.testng.TestRunner.privateRun(TestRunner.java:770)
at org.testng.TestRunner.run(TestRunner.java:591)
at org.testng.SuiteRunner.runTest(SuiteRunner.java:402)
at org.testng.SuiteRunner.runSequentially(SuiteRunner.java:396)
at org.testng.SuiteRunner.privateRun(SuiteRunner.java:355)
at org.testng.SuiteRunner.run(SuiteRunner.java:304)
at org.testng.SuiteRunnerWorker.runSuite(SuiteRunnerWorker.java:53)
at org.testng.SuiteRunnerWorker.run(SuiteRunnerWorker.java:96)
at org.testng.TestNG.runSuitesSequentially(TestNG.java:1180)
at org.testng.TestNG.runSuitesLocally(TestNG.java:1102)
at org.testng.TestNG.runSuites(TestNG.java:1032)
at org.testng.TestNG.run(TestNG.java:1000)
at org.testng.remote.AbstractRemoteTestNG.run(AbstractRemoteTestNG.java:115)
at org.testng.remote.RemoteTestNG.initAndRun(RemoteTestNG.java:251)
at org.testng.remote.RemoteTestNG.main(RemoteTestNG.java:77)
]]>
    </error>
  </testcase> <!-- setUp -->
</testsuite> <!-- testcases.TestCases -->
